<!DOCTYPE html PUBLIC "-//W3C//DTD XHTML 1.1//EN" "http://www.w3.org/TR/xhtml11/DTD/xhtml11.dtd">
<html xmlns="http://www.w3.org/1999/xhtml">
<head>
<meta http-equiv="content-type" content="text/html; charset=UTF-8"/>
<title>TestNG Report</title>
<style type="text/css">table {margin-bottom:10px;border-collapse:collapse;empty-cells:show}th,td {border:1px solid #009;padding:.25em .5em}th {vertical-align:bottom}td {vertical-align:top}table a {font-weight:bold}.stripe td {background-color: #E6EBF9}.num {text-align:right}.passedodd td {background-color: #3F3}.passedeven td {background-color: #0A0}.skippedodd td {background-color: #DDD}.skippedeven td {background-color: #CCC}.failedodd td,.attn {background-color: #F33}.failedeven td,.stripe .attn {background-color: #D00}.stacktrace {white-space:pre;font-family:monospace}.totop {font-size:85%;text-align:center;border-bottom:2px solid #000}.invisible {display:none}</style>
</head>
<body>
<table>
<tr><th>Test</th><th># Passed</th><th># Skipped</th><th># Retried</th><th># Failed</th><th>Time (ms)</th><th>Included Groups</th><th>Excluded Groups</th></tr>
<tr><th colspan="8">PDPL Application Test Automation</th></tr>
<tr><td><a href="#t0">PDPL Application Test</a></td><td class="num">0</td><td class="num attn">1</td><td class="num">0</td><td class="num">0</td><td class="num">1,711</td><td></td><td></td></tr>
</table>
<table id='summary'><thead><tr><th>Class</th><th>Method</th><th>Start</th><th>Time (ms)</th></tr></thead><tbody><tr><th colspan="4">PDPL Application Test Automation</th></tr></tbody><tbody id="t0"><tr><th colspan="4">PDPL Application Test &#8212; failed (configuration methods)</th></tr><tr class="failedeven"><td rowspan="1">com.pdpl.qa.testcases.AdditionalInfoPageTest</td><td><a href="#m0">setUp</a></td><td rowspan="1">1649318012900</td><td rowspan="1">1651</td></tr><tr><th colspan="4">PDPL Application Test &#8212; skipped (configuration methods)</th></tr><tr class="skippedeven"><td rowspan="1">com.pdpl.qa.testcases.AdditionalInfoPageTest</td><td><a href="#m1">tearDown</a></td><td rowspan="1">1649318014573</td><td rowspan="1">-1649318014573</td></tr><tr><th colspan="4">PDPL Application Test &#8212; skipped</th></tr><tr class="skippedeven"><td rowspan="1">com.pdpl.qa.testcases.AdditionalInfoPageTest</td><td><a href="#m2">addinfo</a></td><td rowspan="1">1649318014563</td><td rowspan="1">0</td></tr></tbody>
</table>
<h2>PDPL Application Test</h2><h3 id="m0">com.pdpl.qa.testcases.AdditionalInfoPageTest#setUp</h3><table class="result"><tr><th>Exception</th></tr><tr><td><div class="stacktrace">org.openqa.selenium.SessionNotCreatedException: session not created: This version of MSEdgeDriver only supports MSEdge version 98
Current browser version is 100.0.1185.29 with binary path C:\Program Files (x86)\Microsoft\Edge\Application\msedge.exe
Build info: version: &apos;3.141.59&apos;, revision: &apos;e82be7d358&apos;, time: &apos;2018-11-14T08:17:03&apos;
System info: host: &apos;ABHISHEK&apos;, ip: &apos;192.168.1.6&apos;, os.name: &apos;Windows 10&apos;, os.arch: &apos;amd64&apos;, os.version: &apos;10.0&apos;, java.version: &apos;17.0.1&apos;
Driver info: driver.version: EdgeDriver
remote stacktrace: Backtrace:
	Microsoft::Applications::Events::EventProperties::unpack [0x00007FF732793382+22610]
	Microsoft::Applications::Events::time_ticks_t::time_ticks_t [0x00007FF7326D1C52+503778]
	Ordinal0 [0x00007FF7321D0FA5+659365]
	Ordinal0 [0x00007FF7321FB8EC+833772]
	Ordinal0 [0x00007FF7321F6ECA+814794]
	Ordinal0 [0x00007FF7321F2842+796738]
	Ordinal0 [0x00007FF73222C6C6+1033926]
	Ordinal0 [0x00007FF732226DF3+1011187]
	Ordinal0 [0x00007FF7321FDE97+843415]
	Ordinal0 [0x00007FF7321FF368+848744]
	Microsoft::Applications::Events::EventProperty::to_string [0x00007FF732398BC8+848072]
	Microsoft::Applications::Events::EventProperty::EventProperty [0x00007FF73248AB9D+39117]
	Microsoft::Applications::Events::EventProperty::EventProperty [0x00007FF73248DE12+52034]
	Microsoft::Applications::Events::EventProperty::to_string [0x00007FF7322D0906+28166]
	Microsoft::Applications::Events::time_ticks_t::time_ticks_t [0x00007FF7326D88E1+531569]
	Microsoft::Applications::Events::time_ticks_t::time_ticks_t [0x00007FF7326DDDC4+553300]
	Microsoft::Applications::Events::time_ticks_t::time_ticks_t [0x00007FF7326DDF55+553701]
	Microsoft::Applications::Events::EventProperty::to_string [0x00007FF7323A6650+904016]
	BaseThreadInitThunk [0x00007FFEF36854E0+16]
	RtlUserThreadStart [0x00007FFEF41E485B+43]

	at org.openqa.selenium.remote.W3CHandshakeResponse.lambda$errorHandler$0(W3CHandshakeResponse.java:62)
	at org.openqa.selenium.remote.HandshakeResponse.lambda$getResponseFunction$0(HandshakeResponse.java:30)
	at org.openqa.selenium.remote.ProtocolHandshake.lambda$createSession$0(ProtocolHandshake.java:126)
	at java.base/java.util.stream.ReferencePipeline$3$1.accept(ReferencePipeline.java:197)
	at java.base/java.util.Spliterators$ArraySpliterator.tryAdvance(Spliterators.java:1002)
	at java.base/java.util.stream.ReferencePipeline.forEachWithCancel(ReferencePipeline.java:129)
	at java.base/java.util.stream.AbstractPipeline.copyIntoWithCancel(AbstractPipeline.java:527)
	at java.base/java.util.stream.AbstractPipeline.copyInto(AbstractPipeline.java:513)
	at java.base/java.util.stream.AbstractPipeline.wrapAndCopyInto(AbstractPipeline.java:499)
	at java.base/java.util.stream.FindOps$FindOp.evaluateSequential(FindOps.java:150)
	at java.base/java.util.stream.AbstractPipeline.evaluate(AbstractPipeline.java:234)
	at java.base/java.util.stream.ReferencePipeline.findFirst(ReferencePipeline.java:647)
	at org.openqa.selenium.remote.ProtocolHandshake.createSession(ProtocolHandshake.java:128)
	at org.openqa.selenium.remote.ProtocolHandshake.createSession(ProtocolHandshake.java:74)
	at org.openqa.selenium.remote.HttpCommandExecutor.execute(HttpCommandExecutor.java:136)
	at org.openqa.selenium.remote.service.DriverCommandExecutor.execute(DriverCommandExecutor.java:83)
	at org.openqa.selenium.remote.RemoteWebDriver.execute(RemoteWebDriver.java:552)
	at org.openqa.selenium.remote.RemoteWebDriver.startSession(RemoteWebDriver.java:213)
	at org.openqa.selenium.remote.RemoteWebDriver.&lt;init&gt;(RemoteWebDriver.java:131)
	at org.openqa.selenium.edge.EdgeDriver.&lt;init&gt;(EdgeDriver.java:141)
	at org.openqa.selenium.edge.EdgeDriver.&lt;init&gt;(EdgeDriver.java:96)
	at com.pdpl.qa.base.TestBase.initialization(TestBase.java:40)
	at com.pdpl.qa.testcases.AdditionalInfoPageTest.setUp(AdditionalInfoPageTest.java:40)
	at java.base/java.util.ArrayList.forEach(ArrayList.java:1511)
... Removed 36 stack frames</div></td></tr></table><p class="totop"><a href="#summary">back to summary</a></p>
<h3 id="m1">com.pdpl.qa.testcases.AdditionalInfoPageTest#tearDown</h3><table class="result"><tr><th class="invisible"/></tr></table><p class="totop"><a href="#summary">back to summary</a></p>
<h3 id="m2">com.pdpl.qa.testcases.AdditionalInfoPageTest#addinfo</h3><table class="result"><tr><th>Exception</th></tr><tr><td><div class="stacktrace">org.openqa.selenium.SessionNotCreatedException: session not created: This version of MSEdgeDriver only supports MSEdge version 98
Current browser version is 100.0.1185.29 with binary path C:\Program Files (x86)\Microsoft\Edge\Application\msedge.exe
Build info: version: &apos;3.141.59&apos;, revision: &apos;e82be7d358&apos;, time: &apos;2018-11-14T08:17:03&apos;
System info: host: &apos;ABHISHEK&apos;, ip: &apos;192.168.1.6&apos;, os.name: &apos;Windows 10&apos;, os.arch: &apos;amd64&apos;, os.version: &apos;10.0&apos;, java.version: &apos;17.0.1&apos;
Driver info: driver.version: EdgeDriver
remote stacktrace: Backtrace:
	Microsoft::Applications::Events::EventProperties::unpack [0x00007FF732793382+22610]
	Microsoft::Applications::Events::time_ticks_t::time_ticks_t [0x00007FF7326D1C52+503778]
	Ordinal0 [0x00007FF7321D0FA5+659365]
	Ordinal0 [0x00007FF7321FB8EC+833772]
	Ordinal0 [0x00007FF7321F6ECA+814794]
	Ordinal0 [0x00007FF7321F2842+796738]
	Ordinal0 [0x00007FF73222C6C6+1033926]
	Ordinal0 [0x00007FF732226DF3+1011187]
	Ordinal0 [0x00007FF7321FDE97+843415]
	Ordinal0 [0x00007FF7321FF368+848744]
	Microsoft::Applications::Events::EventProperty::to_string [0x00007FF732398BC8+848072]
	Microsoft::Applications::Events::EventProperty::EventProperty [0x00007FF73248AB9D+39117]
	Microsoft::Applications::Events::EventProperty::EventProperty [0x00007FF73248DE12+52034]
	Microsoft::Applications::Events::EventProperty::to_string [0x00007FF7322D0906+28166]
	Microsoft::Applications::Events::time_ticks_t::time_ticks_t [0x00007FF7326D88E1+531569]
	Microsoft::Applications::Events::time_ticks_t::time_ticks_t [0x00007FF7326DDDC4+553300]
	Microsoft::Applications::Events::time_ticks_t::time_ticks_t [0x00007FF7326DDF55+553701]
	Microsoft::Applications::Events::EventProperty::to_string [0x00007FF7323A6650+904016]
	BaseThreadInitThunk [0x00007FFEF36854E0+16]
	RtlUserThreadStart [0x00007FFEF41E485B+43]

	at org.openqa.selenium.remote.W3CHandshakeResponse.lambda$errorHandler$0(W3CHandshakeResponse.java:62)
	at org.openqa.selenium.remote.HandshakeResponse.lambda$getResponseFunction$0(HandshakeResponse.java:30)
	at org.openqa.selenium.remote.ProtocolHandshake.lambda$createSession$0(ProtocolHandshake.java:126)
	at java.base/java.util.stream.ReferencePipeline$3$1.accept(ReferencePipeline.java:197)
	at java.base/java.util.Spliterators$ArraySpliterator.tryAdvance(Spliterators.java:1002)
	at java.base/java.util.stream.ReferencePipeline.forEachWithCancel(ReferencePipeline.java:129)
	at java.base/java.util.stream.AbstractPipeline.copyIntoWithCancel(AbstractPipeline.java:527)
	at java.base/java.util.stream.AbstractPipeline.copyInto(AbstractPipeline.java:513)
	at java.base/java.util.stream.AbstractPipeline.wrapAndCopyInto(AbstractPipeline.java:499)
	at java.base/java.util.stream.FindOps$FindOp.evaluateSequential(FindOps.java:150)
	at java.base/java.util.stream.AbstractPipeline.evaluate(AbstractPipeline.java:234)
	at java.base/java.util.stream.ReferencePipeline.findFirst(ReferencePipeline.java:647)
	at org.openqa.selenium.remote.ProtocolHandshake.createSession(ProtocolHandshake.java:128)
	at org.openqa.selenium.remote.ProtocolHandshake.createSession(ProtocolHandshake.java:74)
	at org.openqa.selenium.remote.HttpCommandExecutor.execute(HttpCommandExecutor.java:136)
	at org.openqa.selenium.remote.service.DriverCommandExecutor.execute(DriverCommandExecutor.java:83)
	at org.openqa.selenium.remote.RemoteWebDriver.execute(RemoteWebDriver.java:552)
	at org.openqa.selenium.remote.RemoteWebDriver.startSession(RemoteWebDriver.java:213)
	at org.openqa.selenium.remote.RemoteWebDriver.&lt;init&gt;(RemoteWebDriver.java:131)
	at org.openqa.selenium.edge.EdgeDriver.&lt;init&gt;(EdgeDriver.java:141)
	at org.openqa.selenium.edge.EdgeDriver.&lt;init&gt;(EdgeDriver.java:96)
	at com.pdpl.qa.base.TestBase.initialization(TestBase.java:40)
	at com.pdpl.qa.testcases.AdditionalInfoPageTest.setUp(AdditionalInfoPageTest.java:40)
	at java.base/java.util.ArrayList.forEach(ArrayList.java:1511)
... Removed 36 stack frames</div></td></tr></table><p class="totop"><a href="#summary">back to summary</a></p>
</body>
</html>
