<?xml version="1.0" encoding="UTF-8"?>
<!-- Generated by org.testng.reporters.JUnitXMLReporter -->
<testsuite ignored="0" hostname="Abhishek" failures="0" tests="1" name="PDPL Application Test" time="1.711" errors="0" timestamp="2022-04-07T13:23:34 IST">
  <testcase classname="com.pdpl.qa.testcases.AdditionalInfoPageTest" name="@BeforeMethod setUp" time="1.651">
    <failure type="org.openqa.selenium.SessionNotCreatedException" message="session not created: This version of MSEdgeDriver only supports MSEdge version 98
Current browser version is 100.0.1185.29 with binary path C:\Program Files (x86)\Microsoft\Edge\Application\msedge.exe
Build info: version: &amp;apos;3.141.59&amp;apos;, revision: &amp;apos;e82be7d358&amp;apos;, time: &amp;apos;2018-11-14T08:17:03&amp;apos;
System info: host: &amp;apos;ABHISHEK&amp;apos;, ip: &amp;apos;192.168.1.6&amp;apos;, os.name: &amp;apos;Windows 10&amp;apos;, os.arch: &amp;apos;amd64&amp;apos;, os.version: &amp;apos;10.0&amp;apos;, java.version: &amp;apos;17.0.1&amp;apos;
Driver info: driver.version: EdgeDriver
remote stacktrace: Backtrace:
	Microsoft::Applications::Events::EventProperties::unpack [0x00007FF732793382+22610]
	Microsoft::Applications::Events::time_ticks_t::time_ticks_t [0x00007FF7326D1C52+503778]
	Ordinal0 [0x00007FF7321D0FA5+659365]
	Ordinal0 [0x00007FF7321FB8EC+833772]
	Ordinal0 [0x00007FF7321F6ECA+814794]
	Ordinal0 [0x00007FF7321F2842+796738]
	Ordinal0 [0x00007FF73222C6C6+1033926]
	Ordinal0 [0x00007FF732226DF3+1011187]
	Ordinal0 [0x00007FF7321FDE97+843415]
	Ordinal0 [0x00007FF7321FF368+848744]
	Microsoft::Applications::Events::EventProperty::to_string [0x00007FF732398BC8+848072]
	Microsoft::Applications::Events::EventProperty::EventProperty [0x00007FF73248AB9D+39117]
	Microsoft::Applications::Events::EventProperty::EventProperty [0x00007FF73248DE12+52034]
	Microsoft::Applications::Events::EventProperty::to_string [0x00007FF7322D0906+28166]
	Microsoft::Applications::Events::time_ticks_t::time_ticks_t [0x00007FF7326D88E1+531569]
	Microsoft::Applications::Events::time_ticks_t::time_ticks_t [0x00007FF7326DDDC4+553300]
	Microsoft::Applications::Events::time_ticks_t::time_ticks_t [0x00007FF7326DDF55+553701]
	Microsoft::Applications::Events::EventProperty::to_string [0x00007FF7323A6650+904016]
	BaseThreadInitThunk [0x00007FFEF36854E0+16]
	RtlUserThreadStart [0x00007FFEF41E485B+43]
">
      <![CDATA[org.openqa.selenium.SessionNotCreatedException: session not created: This version of MSEdgeDriver only supports MSEdge version 98
Current browser version is 100.0.1185.29 with binary path C:\Program Files (x86)\Microsoft\Edge\Application\msedge.exe
Build info: version: '3.141.59', revision: 'e82be7d358', time: '2018-11-14T08:17:03'
System info: host: 'ABHISHEK', ip: '192.168.1.6', os.name: 'Windows 10', os.arch: 'amd64', os.version: '10.0', java.version: '17.0.1'
Driver info: driver.version: EdgeDriver
remote stacktrace: Backtrace:
Microsoft::Applications::Events::EventProperties::unpack [0x00007FF732793382+22610]
Microsoft::Applications::Events::time_ticks_t::time_ticks_t [0x00007FF7326D1C52+503778]
Ordinal0 [0x00007FF7321D0FA5+659365]
Ordinal0 [0x00007FF7321FB8EC+833772]
Ordinal0 [0x00007FF7321F6ECA+814794]
Ordinal0 [0x00007FF7321F2842+796738]
Ordinal0 [0x00007FF73222C6C6+1033926]
Ordinal0 [0x00007FF732226DF3+1011187]
Ordinal0 [0x00007FF7321FDE97+843415]
Ordinal0 [0x00007FF7321FF368+848744]
Microsoft::Applications::Events::EventProperty::to_string [0x00007FF732398BC8+848072]
Microsoft::Applications::Events::EventProperty::EventProperty [0x00007FF73248AB9D+39117]
Microsoft::Applications::Events::EventProperty::EventProperty [0x00007FF73248DE12+52034]
Microsoft::Applications::Events::EventProperty::to_string [0x00007FF7322D0906+28166]
Microsoft::Applications::Events::time_ticks_t::time_ticks_t [0x00007FF7326D88E1+531569]
Microsoft::Applications::Events::time_ticks_t::time_ticks_t [0x00007FF7326DDDC4+553300]
Microsoft::Applications::Events::time_ticks_t::time_ticks_t [0x00007FF7326DDF55+553701]
Microsoft::Applications::Events::EventProperty::to_string [0x00007FF7323A6650+904016]
BaseThreadInitThunk [0x00007FFEF36854E0+16]
RtlUserThreadStart [0x00007FFEF41E485B+43]

at org.openqa.selenium.remote.W3CHandshakeResponse.lambda$errorHandler$0(W3CHandshakeResponse.java:62)
at org.openqa.selenium.remote.HandshakeResponse.lambda$getResponseFunction$0(HandshakeResponse.java:30)
at org.openqa.selenium.remote.ProtocolHandshake.lambda$createSession$0(ProtocolHandshake.java:126)
at java.base/java.util.stream.ReferencePipeline$3$1.accept(ReferencePipeline.java:197)
at java.base/java.util.Spliterators$ArraySpliterator.tryAdvance(Spliterators.java:1002)
at java.base/java.util.stream.ReferencePipeline.forEachWithCancel(ReferencePipeline.java:129)
at java.base/java.util.stream.AbstractPipeline.copyIntoWithCancel(AbstractPipeline.java:527)
at java.base/java.util.stream.AbstractPipeline.copyInto(AbstractPipeline.java:513)
at java.base/java.util.stream.AbstractPipeline.wrapAndCopyInto(AbstractPipeline.java:499)
at java.base/java.util.stream.FindOps$FindOp.evaluateSequential(FindOps.java:150)
at java.base/java.util.stream.AbstractPipeline.evaluate(AbstractPipeline.java:234)
at java.base/java.util.stream.ReferencePipeline.findFirst(ReferencePipeline.java:647)
at org.openqa.selenium.remote.ProtocolHandshake.createSession(ProtocolHandshake.java:128)
at org.openqa.selenium.remote.ProtocolHandshake.createSession(ProtocolHandshake.java:74)
at org.openqa.selenium.remote.HttpCommandExecutor.execute(HttpCommandExecutor.java:136)
at org.openqa.selenium.remote.service.DriverCommandExecutor.execute(DriverCommandExecutor.java:83)
at org.openqa.selenium.remote.RemoteWebDriver.execute(RemoteWebDriver.java:552)
at org.openqa.selenium.remote.RemoteWebDriver.startSession(RemoteWebDriver.java:213)
at org.openqa.selenium.remote.RemoteWebDriver.<init>(RemoteWebDriver.java:131)
at org.openqa.selenium.edge.EdgeDriver.<init>(EdgeDriver.java:141)
at org.openqa.selenium.edge.EdgeDriver.<init>(EdgeDriver.java:96)
at com.pdpl.qa.base.TestBase.initialization(TestBase.java:40)
at com.pdpl.qa.testcases.AdditionalInfoPageTest.setUp(AdditionalInfoPageTest.java:40)
at java.base/java.util.ArrayList.forEach(ArrayList.java:1511)
... Removed 36 stack frames]]>
    </failure>
  </testcase> <!-- @BeforeMethod setUp -->
  <testcase classname="com.pdpl.qa.testcases.AdditionalInfoPageTest" name="@AfterMethod tearDown" time="-1.649318014573E9">
    <skipped/>
  </testcase> <!-- @AfterMethod tearDown -->
  <testcase classname="com.pdpl.qa.testcases.AdditionalInfoPageTest" name="addinfo" time="0.0">
    <skipped/>
  </testcase> <!-- addinfo -->
</testsuite> <!-- PDPL Application Test -->
